{"/media/diskE/WebProjects/robert/stack/debug/netherlands-weather/src/app.js": {"path":"/media/diskE/WebProjects/robert/stack/debug/netherlands-weather/src/app.js","statementMap":{"0":{"start":{"line":6,"column":12},"end":{"line":10,"column":1}},"1":{"start":{"line":7,"column":2},"end":{"line":9,"column":19}}},"fnMap":{"0":{"name":"(anonymous_0)","decl":{"start":{"line":6,"column":12},"end":{"line":6,"column":13}},"loc":{"start":{"line":7,"column":2},"end":{"line":9,"column":19}},"line":7}},"branchMap":{},"s":{"0":1,"1":4},"f":{"0":4},"b":{},"_coverageSchema":"332fd63041d2c1bcb487cc26dd0d5f7d97098a6c","hash":"f11f60dd35a51ffc0cc031d047f3564f12b9598a"}
,"/media/diskE/WebProjects/robert/stack/debug/netherlands-weather/src/constants.js": {"path":"/media/diskE/WebProjects/robert/stack/debug/netherlands-weather/src/constants.js","statementMap":{"0":{"start":{"line":1,"column":21},"end":{"line":1,"column":71}},"1":{"start":{"line":2,"column":25},"end":{"line":2,"column":75}},"2":{"start":{"line":4,"column":21},"end":{"line":7,"column":1}}},"fnMap":{},"branchMap":{},"s":{"0":1,"1":1,"2":1},"f":{},"b":{},"_coverageSchema":"332fd63041d2c1bcb487cc26dd0d5f7d97098a6c","hash":"e260cffe31906b7383e096a086d583da9685e5ca"}
,"/media/diskE/WebProjects/robert/stack/debug/netherlands-weather/src/index.js": {"path":"/media/diskE/WebProjects/robert/stack/debug/netherlands-weather/src/index.js","statementMap":{"0":{"start":{"line":1,"column":0},"end":{"line":null,"column":-1}},"1":{"start":{"line":2,"column":0},"end":{"line":null,"column":-1}},"2":{"start":{"line":4,"column":0},"end":{"line":null,"column":-1}},"3":{"start":{"line":5,"column":0},"end":{"line":null,"column":-1}},"4":{"start":{"line":7,"column":18},"end":{"line":7,"column":0}},"5":{"start":{"line":7,"column":18},"end":{"line":null,"column":-1}},"6":{"start":{"line":10,"column":0},"end":{"line":10,"column":9}}},"fnMap":{"0":{"name":"renderApp","decl":{"start":{"line":7,"column":6},"end":{"line":7,"column":18}},"loc":{"start":{"line":7,"column":18},"end":{"line":7,"column":0}}}},"branchMap":{},"s":{"0":0,"1":0,"2":0,"3":0,"4":0,"5":0,"6":0},"f":{"0":0},"b":{}}
,"/media/diskE/WebProjects/robert/stack/debug/netherlands-weather/src/mapTheme.js": {"path":"/media/diskE/WebProjects/robert/stack/debug/netherlands-weather/src/mapTheme.js","statementMap":{"0":{"start":{"line":1,"column":24},"end":{"line":215,"column":1}}},"fnMap":{},"branchMap":{},"s":{"0":1},"f":{},"b":{},"_coverageSchema":"332fd63041d2c1bcb487cc26dd0d5f7d97098a6c","hash":"d2a8a1ea0aa2d93de7d7a2d77fd1048275e6f60d"}
,"/media/diskE/WebProjects/robert/stack/debug/netherlands-weather/src/render.js": {"path":"/media/diskE/WebProjects/robert/stack/debug/netherlands-weather/src/render.js","statementMap":{"0":{"start":{"line":8,"column":22},"end":{"line":18,"column":1}},"1":{"start":{"line":9,"column":23},"end":{"line":9,"column":31}},"2":{"start":{"line":10,"column":2},"end":{"line":17,"column":5}},"3":{"start":{"line":15,"column":17},"end":{"line":15,"column":39}},"4":{"start":{"line":16,"column":4},"end":{"line":16,"column":29}}},"fnMap":{"0":{"name":"(anonymous_0)","decl":{"start":{"line":8,"column":22},"end":{"line":8,"column":23}},"loc":{"start":{"line":8,"column":29},"end":{"line":18,"column":1}},"line":8},"1":{"name":"(anonymous_1)","decl":{"start":{"line":14,"column":9},"end":{"line":14,"column":10}},"loc":{"start":{"line":14,"column":20},"end":{"line":17,"column":3}},"line":14}},"branchMap":{},"s":{"0":1,"1":2,"2":2,"3":2,"4":2},"f":{"0":2,"1":2},"b":{},"_coverageSchema":"332fd63041d2c1bcb487cc26dd0d5f7d97098a6c","hash":"4ed4ab130c6a632517ef24188b77a3e7b42b3f33"}
}
