{"/media/diskE/WebProjects/robert/stack/netherlands-weather/src/index.js": {"path":"/media/diskE/WebProjects/robert/stack/netherlands-weather/src/index.js","statementMap":{"0":{"start":{"line":1,"column":0},"end":{"line":null,"column":-1}},"1":{"start":{"line":2,"column":0},"end":{"line":null,"column":-1}},"2":{"start":{"line":4,"column":0},"end":{"line":null,"column":-1}},"3":{"start":{"line":5,"column":0},"end":{"line":null,"column":-1}},"4":{"start":{"line":7,"column":18},"end":{"line":7,"column":0}},"5":{"start":{"line":7,"column":18},"end":{"line":null,"column":-1}},"6":{"start":{"line":10,"column":0},"end":{"line":10,"column":9}}},"fnMap":{"0":{"name":"renderApp","decl":{"start":{"line":7,"column":6},"end":{"line":7,"column":18}},"loc":{"start":{"line":7,"column":18},"end":{"line":7,"column":0}}}},"branchMap":{},"s":{"0":0,"1":0,"2":0,"3":0,"4":0,"5":0,"6":0},"f":{"0":0},"b":{}}
}
