TN:
SF:/media/diskE/WebProjects/robert/stack/netherlands-weather/src/app.js
FN:6,(anonymous_0)
FNF:1
FNH:1
FNDA:4,(anonymous_0)
DA:6,1
DA:7,4
LF:2
LH:2
BRF:0
BRH:0
end_of_record
TN:
SF:/media/diskE/WebProjects/robert/stack/netherlands-weather/src/constants.js
FNF:0
FNH:0
DA:1,1
DA:3,1
LF:2
LH:2
BRF:0
BRH:0
end_of_record
TN:
SF:/media/diskE/WebProjects/robert/stack/netherlands-weather/src/index.js
FN:7,renderApp
FNF:1
FNH:0
FNDA:0,renderApp
DA:1,0
DA:2,0
DA:4,0
DA:5,0
DA:7,0
DA:10,0
LF:6
LH:0
BRF:0
BRH:0
end_of_record
TN:
SF:/media/diskE/WebProjects/robert/stack/netherlands-weather/src/mapTheme.js
FNF:0
FNH:0
DA:1,1
LF:1
LH:1
BRF:0
BRH:0
end_of_record
TN:
SF:/media/diskE/WebProjects/robert/stack/netherlands-weather/src/render.js
FN:8,(anonymous_0)
FN:14,(anonymous_1)
FNF:2
FNH:2
FNDA:2,(anonymous_0)
FNDA:2,(anonymous_1)
DA:8,1
DA:9,2
DA:10,2
DA:15,2
DA:16,2
LF:5
LH:5
BRF:0
BRH:0
end_of_record
